{"/Users/eleanorheath/Desktop/Adapt/adapt_framework/src/core/templates/header.jsx": {"path":"/Users/eleanorheath/Desktop/Adapt/adapt_framework/src/core/templates/header.jsx","all":false,"statementMap":{"0":{"start":{"line":1,"column":0},"end":{"line":1,"column":34}},"1":{"start":{"line":2,"column":0},"end":{"line":2,"column":36}},"2":{"start":{"line":3,"column":0},"end":{"line":3,"column":38}},"3":{"start":{"line":4,"column":0},"end":{"line":4,"column":62}},"4":{"start":{"line":5,"column":0},"end":{"line":5,"column":0}},"5":{"start":{"line":6,"column":0},"end":{"line":6,"column":3}},"6":{"start":{"line":7,"column":0},"end":{"line":7,"column":64}},"7":{"start":{"line":8,"column":0},"end":{"line":8,"column":62}},"8":{"start":{"line":9,"column":0},"end":{"line":9,"column":24}},"9":{"start":{"line":10,"column":0},"end":{"line":10,"column":39}},"10":{"start":{"line":11,"column":0},"end":{"line":11,"column":31}},"11":{"start":{"line":12,"column":0},"end":{"line":12,"column":38}},"12":{"start":{"line":13,"column":0},"end":{"line":13,"column":44}},"13":{"start":{"line":14,"column":0},"end":{"line":14,"column":32}},"14":{"start":{"line":15,"column":0},"end":{"line":15,"column":37}},"15":{"start":{"line":16,"column":0},"end":{"line":16,"column":53}},"16":{"start":{"line":17,"column":0},"end":{"line":17,"column":3}},"17":{"start":{"line":18,"column":0},"end":{"line":18,"column":39}},"18":{"start":{"line":19,"column":0},"end":{"line":19,"column":55}},"19":{"start":{"line":20,"column":0},"end":{"line":20,"column":34}},"20":{"start":{"line":21,"column":0},"end":{"line":21,"column":9}},"21":{"start":{"line":22,"column":0},"end":{"line":22,"column":8}},"22":{"start":{"line":23,"column":0},"end":{"line":23,"column":17}},"23":{"start":{"line":24,"column":0},"end":{"line":24,"column":9}},"24":{"start":{"line":25,"column":0},"end":{"line":25,"column":16}},"25":{"start":{"line":26,"column":0},"end":{"line":26,"column":22}},"26":{"start":{"line":27,"column":0},"end":{"line":27,"column":10}},"27":{"start":{"line":28,"column":0},"end":{"line":28,"column":15}},"28":{"start":{"line":29,"column":0},"end":{"line":29,"column":15}},"29":{"start":{"line":30,"column":0},"end":{"line":30,"column":39}},"30":{"start":{"line":31,"column":0},"end":{"line":31,"column":25}},"31":{"start":{"line":32,"column":0},"end":{"line":32,"column":35}},"32":{"start":{"line":33,"column":0},"end":{"line":33,"column":45}},"33":{"start":{"line":34,"column":0},"end":{"line":34,"column":44}},"34":{"start":{"line":35,"column":0},"end":{"line":35,"column":21}},"35":{"start":{"line":36,"column":0},"end":{"line":36,"column":12}},"36":{"start":{"line":37,"column":0},"end":{"line":37,"column":81}},"37":{"start":{"line":38,"column":0},"end":{"line":38,"column":23}},"38":{"start":{"line":39,"column":0},"end":{"line":39,"column":16}},"39":{"start":{"line":40,"column":0},"end":{"line":40,"column":48}},"40":{"start":{"line":41,"column":0},"end":{"line":41,"column":77}},"41":{"start":{"line":42,"column":0},"end":{"line":42,"column":75}},"42":{"start":{"line":43,"column":0},"end":{"line":43,"column":59}},"43":{"start":{"line":44,"column":0},"end":{"line":44,"column":67}},"44":{"start":{"line":45,"column":0},"end":{"line":45,"column":66}},"45":{"start":{"line":46,"column":0},"end":{"line":46,"column":44}},"46":{"start":{"line":47,"column":0},"end":{"line":47,"column":12}},"47":{"start":{"line":48,"column":0},"end":{"line":48,"column":92}},"48":{"start":{"line":49,"column":0},"end":{"line":49,"column":12}},"49":{"start":{"line":50,"column":0},"end":{"line":50,"column":6}},"50":{"start":{"line":51,"column":0},"end":{"line":51,"column":3}},"51":{"start":{"line":52,"column":0},"end":{"line":52,"column":26}},"52":{"start":{"line":53,"column":0},"end":{"line":53,"column":10}},"53":{"start":{"line":54,"column":0},"end":{"line":54,"column":89}},"54":{"start":{"line":55,"column":0},"end":{"line":55,"column":76}},"55":{"start":{"line":56,"column":0},"end":{"line":56,"column":24}},"56":{"start":{"line":57,"column":0},"end":{"line":57,"column":71}},"57":{"start":{"line":58,"column":0},"end":{"line":58,"column":118}},"58":{"start":{"line":59,"column":0},"end":{"line":59,"column":14}},"59":{"start":{"line":60,"column":0},"end":{"line":60,"column":9}},"60":{"start":{"line":61,"column":0},"end":{"line":61,"column":0}},"61":{"start":{"line":62,"column":0},"end":{"line":62,"column":60}},"62":{"start":{"line":63,"column":0},"end":{"line":63,"column":101}},"63":{"start":{"line":64,"column":0},"end":{"line":64,"column":14}},"64":{"start":{"line":65,"column":0},"end":{"line":65,"column":9}},"65":{"start":{"line":66,"column":0},"end":{"line":66,"column":0}},"66":{"start":{"line":67,"column":0},"end":{"line":67,"column":16}},"67":{"start":{"line":68,"column":0},"end":{"line":68,"column":70}},"68":{"start":{"line":69,"column":0},"end":{"line":69,"column":137}},"69":{"start":{"line":70,"column":0},"end":{"line":70,"column":16}},"70":{"start":{"line":71,"column":0},"end":{"line":71,"column":14}},"71":{"start":{"line":72,"column":0},"end":{"line":72,"column":9}},"72":{"start":{"line":73,"column":0},"end":{"line":73,"column":0}},"73":{"start":{"line":74,"column":0},"end":{"line":74,"column":28}},"74":{"start":{"line":75,"column":0},"end":{"line":75,"column":77}},"75":{"start":{"line":76,"column":0},"end":{"line":76,"column":54}},"76":{"start":{"line":77,"column":0},"end":{"line":77,"column":156}},"77":{"start":{"line":78,"column":0},"end":{"line":78,"column":16}},"78":{"start":{"line":79,"column":0},"end":{"line":79,"column":14}},"79":{"start":{"line":80,"column":0},"end":{"line":80,"column":9}},"80":{"start":{"line":81,"column":0},"end":{"line":81,"column":0}},"81":{"start":{"line":82,"column":0},"end":{"line":82,"column":12}},"82":{"start":{"line":83,"column":0},"end":{"line":83,"column":10}},"83":{"start":{"line":84,"column":0},"end":{"line":84,"column":4}},"84":{"start":{"line":85,"column":0},"end":{"line":85,"column":1}}},"s":{"0":1,"1":1,"2":1,"3":1,"4":1,"5":1,"6":1,"7":1,"8":1,"9":1,"10":1,"11":1,"12":1,"13":1,"14":1,"15":1,"16":1,"17":1,"18":8,"19":8,"20":8,"21":8,"22":8,"23":8,"24":8,"25":8,"26":8,"27":8,"28":8,"29":8,"30":8,"31":8,"32":8,"33":8,"34":8,"35":8,"36":8,"37":8,"38":8,"39":8,"40":8,"41":8,"42":8,"43":8,"44":1,"45":1,"46":1,"47":1,"48":1,"49":1,"50":1,"51":8,"52":4,"53":4,"54":4,"55":4,"56":0,"57":0,"58":8,"59":8,"60":8,"61":8,"62":1,"63":8,"64":8,"65":8,"66":8,"67":2,"68":2,"69":2,"70":8,"71":8,"72":8,"73":8,"74":2,"75":2,"76":2,"77":2,"78":8,"79":8,"80":8,"81":8,"82":8,"83":8,"84":8},"branchMap":{"0":{"type":"branch","line":18,"loc":{"start":{"line":18,"column":15},"end":{"line":85,"column":1}},"locations":[{"start":{"line":18,"column":15},"end":{"line":85,"column":1}}]},"1":{"type":"branch","line":32,"loc":{"start":{"line":32,"column":11},"end":{"line":32,"column":34}},"locations":[{"start":{"line":32,"column":11},"end":{"line":32,"column":34}}]},"2":{"type":"branch","line":33,"loc":{"start":{"line":33,"column":16},"end":{"line":33,"column":44}},"locations":[{"start":{"line":33,"column":16},"end":{"line":33,"column":44}}]},"3":{"type":"branch","line":34,"loc":{"start":{"line":34,"column":16},"end":{"line":34,"column":44}},"locations":[{"start":{"line":34,"column":16},"end":{"line":34,"column":44}}]},"4":{"type":"branch","line":37,"loc":{"start":{"line":37,"column":45},"end":{"line":37,"column":78}},"locations":[{"start":{"line":37,"column":45},"end":{"line":37,"column":78}}]},"5":{"type":"branch","line":37,"loc":{"start":{"line":37,"column":78},"end":{"line":38,"column":21}},"locations":[{"start":{"line":37,"column":78},"end":{"line":38,"column":21}}]},"6":{"type":"branch","line":38,"loc":{"start":{"line":38,"column":21},"end":{"line":39,"column":15}},"locations":[{"start":{"line":38,"column":21},"end":{"line":39,"column":15}}]},"7":{"type":"branch","line":41,"loc":{"start":{"line":41,"column":62},"end":{"line":41,"column":74}},"locations":[{"start":{"line":41,"column":62},"end":{"line":41,"column":74}}]},"8":{"type":"branch","line":41,"loc":{"start":{"line":41,"column":74},"end":{"line":42,"column":74}},"locations":[{"start":{"line":41,"column":74},"end":{"line":42,"column":74}}]},"9":{"type":"branch","line":42,"loc":{"start":{"line":42,"column":42},"end":{"line":42,"column":74}},"locations":[{"start":{"line":42,"column":42},"end":{"line":42,"column":74}}]},"10":{"type":"branch","line":43,"loc":{"start":{"line":43,"column":37},"end":{"line":43,"column":58}},"locations":[{"start":{"line":43,"column":37},"end":{"line":43,"column":58}}]},"11":{"type":"branch","line":44,"loc":{"start":{"line":44,"column":12},"end":{"line":44,"column":50}},"locations":[{"start":{"line":44,"column":12},"end":{"line":44,"column":50}}]},"12":{"type":"branch","line":44,"loc":{"start":{"line":44,"column":50},"end":{"line":44,"column":64}},"locations":[{"start":{"line":44,"column":50},"end":{"line":44,"column":64}}]},"13":{"type":"branch","line":44,"loc":{"start":{"line":44,"column":66},"end":{"line":51,"column":3}},"locations":[{"start":{"line":44,"column":66},"end":{"line":51,"column":3}}]},"14":{"type":"branch","line":51,"loc":{"start":{"line":51,"column":2},"end":{"line":52,"column":14}},"locations":[{"start":{"line":51,"column":2},"end":{"line":52,"column":14}}]},"15":{"type":"branch","line":52,"loc":{"start":{"line":52,"column":14},"end":{"line":52,"column":26}},"locations":[{"start":{"line":52,"column":14},"end":{"line":52,"column":26}}]},"16":{"type":"branch","line":52,"loc":{"start":{"line":52,"column":25},"end":{"line":56,"column":24}},"locations":[{"start":{"line":52,"column":25},"end":{"line":56,"column":24}}]},"17":{"type":"branch","line":56,"loc":{"start":{"line":56,"column":21},"end":{"line":58,"column":118}},"locations":[{"start":{"line":56,"column":21},"end":{"line":58,"column":118}}]},"18":{"type":"branch","line":62,"loc":{"start":{"line":62,"column":43},"end":{"line":62,"column":57}},"locations":[{"start":{"line":62,"column":43},"end":{"line":62,"column":57}}]},"19":{"type":"branch","line":62,"loc":{"start":{"line":62,"column":57},"end":{"line":63,"column":101}},"locations":[{"start":{"line":62,"column":57},"end":{"line":63,"column":101}}]},"20":{"type":"branch","line":67,"loc":{"start":{"line":67,"column":13},"end":{"line":70,"column":16}},"locations":[{"start":{"line":67,"column":13},"end":{"line":70,"column":16}}]},"21":{"type":"branch","line":74,"loc":{"start":{"line":74,"column":25},"end":{"line":78,"column":16}},"locations":[{"start":{"line":74,"column":25},"end":{"line":78,"column":16}}]}},"b":{"0":[8],"1":[0],"2":[3],"3":[0],"4":[1],"5":[1],"6":[7],"7":[3],"8":[5],"9":[0],"10":[6],"11":[4],"12":[2],"13":[1],"14":[7],"15":[3],"16":[4],"17":[0],"18":[1],"19":[1],"20":[2],"21":[2]},"fnMap":{"0":{"name":"Header","decl":{"start":{"line":18,"column":15},"end":{"line":85,"column":1}},"loc":{"start":{"line":18,"column":15},"end":{"line":85,"column":1}},"line":18}},"f":{"0":8}}
}
