TN:
SF:src/core/templates/header.jsx
FN:18,Header
FNF:1
FNH:1
FNDA:8,Header
DA:1,1
DA:2,1
DA:3,1
DA:4,1
DA:5,1
DA:6,1
DA:7,1
DA:8,1
DA:9,1
DA:10,1
DA:11,1
DA:12,1
DA:13,1
DA:14,1
DA:15,1
DA:16,1
DA:17,1
DA:18,1
DA:19,8
DA:20,8
DA:21,8
DA:22,8
DA:23,8
DA:24,8
DA:25,8
DA:26,8
DA:27,8
DA:28,8
DA:29,8
DA:30,8
DA:31,8
DA:32,8
DA:33,8
DA:34,8
DA:35,8
DA:36,8
DA:37,8
DA:38,8
DA:39,8
DA:40,8
DA:41,8
DA:42,8
DA:43,8
DA:44,8
DA:45,1
DA:46,1
DA:47,1
DA:48,1
DA:49,1
DA:50,1
DA:51,1
DA:52,8
DA:53,4
DA:54,4
DA:55,4
DA:56,4
DA:57,0
DA:58,0
DA:59,8
DA:60,8
DA:61,8
DA:62,8
DA:63,1
DA:64,8
DA:65,8
DA:66,8
DA:67,8
DA:68,2
DA:69,2
DA:70,2
DA:71,8
DA:72,8
DA:73,8
DA:74,8
DA:75,2
DA:76,2
DA:77,2
DA:78,2
DA:79,8
DA:80,8
DA:81,8
DA:82,8
DA:83,8
DA:84,8
DA:85,8
LF:85
LH:83
BRDA:18,0,0,8
BRDA:32,1,0,0
BRDA:33,2,0,3
BRDA:34,3,0,0
BRDA:37,4,0,1
BRDA:37,5,0,1
BRDA:38,6,0,7
BRDA:41,7,0,3
BRDA:41,8,0,5
BRDA:42,9,0,0
BRDA:43,10,0,6
BRDA:44,11,0,4
BRDA:44,12,0,2
BRDA:44,13,0,1
BRDA:51,14,0,7
BRDA:52,15,0,3
BRDA:52,16,0,4
BRDA:56,17,0,0
BRDA:62,18,0,1
BRDA:62,19,0,1
BRDA:67,20,0,2
BRDA:74,21,0,2
BRF:22
BRH:18
end_of_record
